This file contains any messages produced by compilers while
running configure, to aid debugging if configure makes a mistake.

It was created by scrypt configure 1.1.6, which was
generated by GNU Autoconf 2.62.  Invocation command line was

  $ ./configure 

## --------- ##
## Platform. ##
## --------- ##

hostname = Polygon
uname -m = i686
uname -r = 1.7.14(0.260/5/3)
uname -s = CYGWIN_NT-6.1-WOW64
uname -v = 2012-04-25 09:41

/usr/bin/uname -p = unknown
/bin/uname -X     = unknown

/bin/arch              = i686
/usr/bin/arch -k       = unknown
/usr/convex/getsysinfo = unknown
/usr/bin/hostinfo      = unknown
/bin/machine           = unknown
/usr/bin/oslevel       = unknown
/bin/universe          = unknown

PATH: /cygdrive/c/Program Files (x86)/Microsoft F#/v4.0
PATH: /cygdrive/c/Program Files (x86)/Microsoft Visual Studio 10.0/VSTSDB/Deploy
PATH: /cygdrive/c/Program Files (x86)/Microsoft Visual Studio 10.0/Common7/IDE
PATH: /cygdrive/c/Program Files (x86)/Microsoft Visual Studio 10.0/VC/BIN
PATH: /cygdrive/c/Program Files (x86)/Microsoft Visual Studio 10.0/Common7/Tools
PATH: /cygdrive/c/Windows/Microsoft.NET/Framework/v4.0.30319
PATH: /cygdrive/c/Windows/Microsoft.NET/Framework/v3.5
PATH: /cygdrive/c/Program Files (x86)/Microsoft Visual Studio 10.0/VC/VCPackages
PATH: /cygdrive/c/Program Files (x86)/HTML Help Workshop
PATH: /cygdrive/c/Program Files (x86)/Microsoft Visual Studio 10.0/Team Tools/Performance Tools
PATH: /cygdrive/c/Program Files (x86)/Microsoft SDKs/Windows/v7.0A/bin/NETFX 4.0 Tools
PATH: /cygdrive/c/Program Files (x86)/Microsoft SDKs/Windows/v7.0A/bin
PATH: /cygdrive/c/Program Files/Common Files/Microsoft Shared/Windows Live
PATH: /cygdrive/c/Program Files (x86)/Common Files/Microsoft Shared/Windows Live
PATH: /cygdrive/c/Windows/SYSTEM32
PATH: /cygdrive/c/Windows
PATH: /cygdrive/c/Windows/SYSTEM32/WBEM
PATH: /cygdrive/c/Windows/SYSTEM32/WINDOWSPOWERSHELL/V1.0
PATH: /cygdrive/c/PROGRAM FILES/THINKPAD/BLUETOOTH SOFTWARE
PATH: /cygdrive/c/PROGRAM FILES/THINKPAD/BLUETOOTH SOFTWARE/SYSWOW64
PATH: /cygdrive/c/PROGRAM FILES (X86)/COMMON FILES/ULEAD SYSTEMS/MPEG
PATH: /cygdrive/c/PROGRAM FILES/COMMON FILES/LENOVO
PATH: /cygdrive/c/PROGRAM FILES (X86)/WINDOWS LIVE/SHARED
PATH: /cygdrive/c/SWTOOLS/READYAPPS
PATH: /cygdrive/c/PROGRAM FILES (X86)/INTEL/SERVICES/IPT
PATH: /cygdrive/c/PROGRAM FILES (X86)/SYMANTEC/VIP ACCESS CLIENT
PATH: /cygdrive/c/PROGRAM FILES (X86)/COMMON FILES/LENOVO
PATH: /cygdrive/c/Program Files (x86)/Lenovo/Access Connections
PATH: /cygdrive/c/Program Files (x86)/Git/cmd
PATH: /cygdrive/c/Program Files (x86)/Common Files/Roxio Shared/DLLShared
PATH: /cygdrive/c/Program Files (x86)/Common Files/Roxio Shared/9.0/DLLShared
PATH: /usr/bin
PATH: /cygdrive/c/Program Files (x86)/Git/bin
PATH: /cygdrive/c/Program Files (x86)/CMake 2.8/bin
PATH:  C
PATH: /Python27
PATH: /cygdrive/c/Program Files (x86)/Microsoft SQL Server/100/Tools/Binn
PATH: /cygdrive/c/Program Files/Microsoft SQL Server/100/Tools/Binn
PATH: /cygdrive/c/Program Files/Microsoft SQL Server/100/DTS/Binn
PATH: /cygdrive/c/Program Files (x86)/QuickTime/QTSystem
PATH: /cygdrive/c/Program Files (x86)/Lenovo/Client Security Solution
PATH: /cygdrive/c/Program Files/Lenovo/Client Security Solution
PATH: /cygdrive/c/Program Files (x86)/nodejs
PATH: /cygdrive/c/Users/sumeet/AppData/Roaming/npm


## ----------- ##
## Core tests. ##
## ----------- ##

configure:1875: checking for a BSD-compatible install
configure:1943: result: /usr/bin/install -c
configure:1954: checking whether build environment is sane
configure:1997: result: yes
configure:2022: checking for a thread-safe mkdir -p
configure:2061: result: /usr/bin/mkdir -p
configure:2074: checking for gawk
configure:2090: found /usr/bin/gawk
configure:2101: result: gawk
configure:2112: checking whether make sets $(MAKE)
configure:2138: result: no
configure:2322: checking whether to enable maintainer-specific portions of Makefiles
configure:2331: result: no
configure:2392: checking for gcc
configure:2422: result: no
configure:2489: checking for cc
configure:2536: result: no
configure:2592: checking for cl.exe
configure:2608: found /cygdrive/c/Program Files (x86)/Microsoft Visual Studio 10.0/VC/BIN/cl.exe
configure:2619: result: cl.exe
configure:2657: checking for C compiler version
configure:2665: cl.exe --version >&5
Microsoft (R) 32-bit C/C++ Optimizing Compiler Version 16.00.40219.01 for 80x86
Copyright (C) Microsoft Corporation.  All rights reserved.

cl : Command line warning D9002 : ignoring unknown option '--version'
cl : Command line error D8003 : missing source filename
configure:2669: $? = 2
configure:2676: cl.exe -v >&5
Microsoft (R) 32-bit C/C++ Optimizing Compiler Version 16.00.40219.01 for 80x86
Copyright (C) Microsoft Corporation.  All rights reserved.

cl : Command line warning D9002 : ignoring unknown option '-v'
cl : Command line error D8003 : missing source filename
configure:2680: $? = 2
configure:2687: cl.exe -V >&5
Microsoft (R) 32-bit C/C++ Optimizing Compiler Version 16.00.40219.01 for 80x86
Copyright (C) Microsoft Corporation.  All rights reserved.

cl : Command line error D8004 : '/V' requires an argument
configure:2691: $? = 2
configure:2714: checking for C compiler default output file name
configure:2736: cl.exe    conftest.c  >&5
Microsoft (R) 32-bit C/C++ Optimizing Compiler Version 16.00.40219.01 for 80x86
Copyright (C) Microsoft Corporation.  All rights reserved.

conftest.c
Microsoft (R) Incremental Linker Version 10.00.40219.01
Copyright (C) Microsoft Corporation.  All rights reserved.

/out:conftest.exe 
conftest.obj 
configure:2740: $? = 0
configure:2778: result: conftest.exe
configure:2795: checking whether the C compiler works
configure:2805: ./conftest.exe
configure:2809: $? = 0
configure:2826: result: yes
configure:2833: checking whether we are cross compiling
configure:2835: result: no
configure:2838: checking for suffix of executables
configure:2845: cl.exe -o conftest.exe    conftest.c  >&5
Microsoft (R) 32-bit C/C++ Optimizing Compiler Version 16.00.40219.01 for 80x86
Copyright (C) Microsoft Corporation.  All rights reserved.

cl : Command line warning D9035 : option 'o' has been deprecated and will be removed in a future release
conftest.c
Microsoft (R) Incremental Linker Version 10.00.40219.01
Copyright (C) Microsoft Corporation.  All rights reserved.

/out:conftest.exe 
/out:conftest.exe 
conftest.obj 
configure:2849: $? = 0
configure:2873: result: .exe
configure:2879: checking for suffix of object files
configure:2905: cl.exe -c   conftest.c >&5
Microsoft (R) 32-bit C/C++ Optimizing Compiler Version 16.00.40219.01 for 80x86
Copyright (C) Microsoft Corporation.  All rights reserved.

conftest.c
configure:2909: $? = 0
configure:2932: result: obj
configure:2936: checking whether we are using the GNU C compiler
configure:2965: cl.exe -c   conftest.c >&5
conftest.c
conftest.c(15) : error C2065: 'choke' : undeclared identifier
conftest.c(15) : error C2146: syntax error : missing ';' before identifier 'me'
conftest.c(18) : error C2065: 'me' : undeclared identifier
Microsoft (R) 32-bit C/C++ Optimizing Compiler Version 16.00.40219.01 for 80x86
Copyright (C) Microsoft Corporation.  All rights reserved.

configure:2972: $? = 2
configure: failed program was:
| /* confdefs.h.  */
| #define PACKAGE_NAME "scrypt"
| #define PACKAGE_TARNAME "scrypt"
| #define PACKAGE_VERSION "1.1.6"
| #define PACKAGE_STRING "scrypt 1.1.6"
| #define PACKAGE_BUGREPORT ""
| #define PACKAGE "scrypt"
| #define VERSION "1.1.6"
| /* end confdefs.h.  */
| 
| int
| main ()
| {
| #ifndef __GNUC__
|        choke me
| #endif
| 
|   ;
|   return 0;
| }
configure:2989: result: no
configure:2998: checking whether cl.exe accepts -g
configure:3028: cl.exe -c -g  conftest.c >&5
conftest.c
Microsoft (R) 32-bit C/C++ Optimizing Compiler Version 16.00.40219.01 for 80x86
Copyright (C) Microsoft Corporation.  All rights reserved.

cl : Command line warning D9002 : ignoring unknown option '-g'
configure:3035: $? = 0
configure: failed program was:
| /* confdefs.h.  */
| #define PACKAGE_NAME "scrypt"
| #define PACKAGE_TARNAME "scrypt"
| #define PACKAGE_VERSION "1.1.6"
| #define PACKAGE_STRING "scrypt 1.1.6"
| #define PACKAGE_BUGREPORT ""
| #define PACKAGE "scrypt"
| #define VERSION "1.1.6"
| /* end confdefs.h.  */
| 
| int
| main ()
| {
| 
|   ;
|   return 0;
| }
configure:3067: cl.exe -c   conftest.c >&5
conftest.c
Microsoft (R) 32-bit C/C++ Optimizing Compiler Version 16.00.40219.01 for 80x86
Copyright (C) Microsoft Corporation.  All rights reserved.

configure:3074: $? = 0
configure: failed program was:
| /* confdefs.h.  */
| #define PACKAGE_NAME "scrypt"
| #define PACKAGE_TARNAME "scrypt"
| #define PACKAGE_VERSION "1.1.6"
| #define PACKAGE_STRING "scrypt 1.1.6"
| #define PACKAGE_BUGREPORT ""
| #define PACKAGE "scrypt"
| #define VERSION "1.1.6"
| /* end confdefs.h.  */
| 
| int
| main ()
| {
| 
|   ;
|   return 0;
| }
configure:3107: cl.exe -c -g  conftest.c >&5
conftest.c
Microsoft (R) 32-bit C/C++ Optimizing Compiler Version 16.00.40219.01 for 80x86
Copyright (C) Microsoft Corporation.  All rights reserved.

cl : Command line warning D9002 : ignoring unknown option '-g'
configure:3114: $? = 0
configure:3136: result: yes
configure:3153: checking for cl.exe option to accept ISO C89
configure:3227: cl.exe  -c -g  conftest.c >&5
conftest.c
conftest.c(56) : warning C4113: 'char *(__cdecl *)()' differs in parameter lists from 'char *(__cdecl *)(char **,int)'
conftest.c(56) : warning C4113: 'char *(__cdecl *)()' differs in parameter lists from 'char *(__cdecl *)(char **,int)'
Microsoft (R) 32-bit C/C++ Optimizing Compiler Version 16.00.40219.01 for 80x86
Copyright (C) Microsoft Corporation.  All rights reserved.

cl : Command line warning D9002 : ignoring unknown option '-g'
configure:3234: $? = 0
configure:3257: result: none needed
configure:3286: checking for style of include used by make
configure:3314: result: none
configure:3339: checking dependency style of cl.exe
configure:3430: result: none
configure:3454: checking how to run the C preprocessor
configure:3494: cl.exe -E  conftest.c
Microsoft (R) 32-bit C/C++ Optimizing Compiler Version 16.00.40219.01 for 80x86
Copyright (C) Microsoft Corporation.  All rights reserved.

conftest.c
configure:3501: $? = 0
configure:3532: cl.exe -E  conftest.c
Microsoft (R) 32-bit C/C++ Optimizing Compiler Version 16.00.40219.01 for 80x86
Copyright (C) Microsoft Corporation.  All rights reserved.

conftest.c
conftest.c(10) : fatal error C1083: Cannot open include file: 'ac_nonexistent.h': No such file or directory
configure:3539: $? = 2
configure: failed program was:
| /* confdefs.h.  */
| #define PACKAGE_NAME "scrypt"
| #define PACKAGE_TARNAME "scrypt"
| #define PACKAGE_VERSION "1.1.6"
| #define PACKAGE_STRING "scrypt 1.1.6"
| #define PACKAGE_BUGREPORT ""
| #define PACKAGE "scrypt"
| #define VERSION "1.1.6"
| /* end confdefs.h.  */
| #include <ac_nonexistent.h>
configure:3572: result: cl.exe -E
configure:3601: cl.exe -E  conftest.c
Microsoft (R) 32-bit C/C++ Optimizing Compiler Version 16.00.40219.01 for 80x86
Copyright (C) Microsoft Corporation.  All rights reserved.

conftest.c
configure:3608: $? = 0
configure:3639: cl.exe -E  conftest.c
Microsoft (R) 32-bit C/C++ Optimizing Compiler Version 16.00.40219.01 for 80x86
Copyright (C) Microsoft Corporation.  All rights reserved.

conftest.c
conftest.c(10) : fatal error C1083: Cannot open include file: 'ac_nonexistent.h': No such file or directory
configure:3646: $? = 2
configure: failed program was:
| /* confdefs.h.  */
| #define PACKAGE_NAME "scrypt"
| #define PACKAGE_TARNAME "scrypt"
| #define PACKAGE_VERSION "1.1.6"
| #define PACKAGE_STRING "scrypt 1.1.6"
| #define PACKAGE_BUGREPORT ""
| #define PACKAGE "scrypt"
| #define VERSION "1.1.6"
| /* end confdefs.h.  */
| #include <ac_nonexistent.h>
configure:3684: checking for grep that handles long lines and -e
configure:3744: result: /usr/bin/grep
configure:3749: checking for egrep
configure:3813: result: /usr/bin/grep -E
configure:3818: checking for ANSI C header files
configure:3848: cl.exe -c -g  conftest.c >&5
conftest.c
Microsoft (R) 32-bit C/C++ Optimizing Compiler Version 16.00.40219.01 for 80x86
Copyright (C) Microsoft Corporation.  All rights reserved.

cl : Command line warning D9002 : ignoring unknown option '-g'
configure:3855: $? = 0
Microsoft (R) 32-bit C/C++ Optimizing Compiler Version 16.00.40219.01 for 80x86
Copyright (C) Microsoft Corporation.  All rights reserved.

conftest.c
Microsoft (R) 32-bit C/C++ Optimizing Compiler Version 16.00.40219.01 for 80x86
Copyright (C) Microsoft Corporation.  All rights reserved.

conftest.c
configure:3954: cl.exe -o conftest.exe -g   conftest.c  >&5
Microsoft (R) 32-bit C/C++ Optimizing Compiler Version 16.00.40219.01 for 80x86
Copyright (C) Microsoft Corporation.  All rights reserved.

cl : Command line warning D9035 : option 'o' has been deprecated and will be removed in a future release
cl : Command line warning D9002 : ignoring unknown option '-g'
conftest.c
Microsoft (R) Incremental Linker Version 10.00.40219.01
Copyright (C) Microsoft Corporation.  All rights reserved.

/out:conftest.exe 
/out:conftest.exe 
conftest.obj 
configure:3958: $? = 0
configure:3964: ./conftest.exe
configure:3968: $? = 0
configure:3986: result: yes
configure:4010: checking for sys/types.h
configure:4031: cl.exe -c -g  conftest.c >&5
conftest.c
Microsoft (R) 32-bit C/C++ Optimizing Compiler Version 16.00.40219.01 for 80x86
Copyright (C) Microsoft Corporation.  All rights reserved.

cl : Command line warning D9002 : ignoring unknown option '-g'
configure:4038: $? = 0
configure:4055: result: yes
configure:4010: checking for sys/stat.h
configure:4031: cl.exe -c -g  conftest.c >&5
conftest.c
Microsoft (R) 32-bit C/C++ Optimizing Compiler Version 16.00.40219.01 for 80x86
Copyright (C) Microsoft Corporation.  All rights reserved.

cl : Command line warning D9002 : ignoring unknown option '-g'
configure:4038: $? = 0
configure:4055: result: yes
configure:4010: checking for stdlib.h
configure:4031: cl.exe -c -g  conftest.c >&5
conftest.c
Microsoft (R) 32-bit C/C++ Optimizing Compiler Version 16.00.40219.01 for 80x86
Copyright (C) Microsoft Corporation.  All rights reserved.

cl : Command line warning D9002 : ignoring unknown option '-g'
configure:4038: $? = 0
configure:4055: result: yes
configure:4010: checking for string.h
configure:4031: cl.exe -c -g  conftest.c >&5
conftest.c
Microsoft (R) 32-bit C/C++ Optimizing Compiler Version 16.00.40219.01 for 80x86
Copyright (C) Microsoft Corporation.  All rights reserved.

cl : Command line warning D9002 : ignoring unknown option '-g'
configure:4038: $? = 0
configure:4055: result: yes
configure:4010: checking for memory.h
configure:4031: cl.exe -c -g  conftest.c >&5
conftest.c
Microsoft (R) 32-bit C/C++ Optimizing Compiler Version 16.00.40219.01 for 80x86
Copyright (C) Microsoft Corporation.  All rights reserved.

cl : Command line warning D9002 : ignoring unknown option '-g'
configure:4038: $? = 0
configure:4055: result: yes
configure:4010: checking for strings.h
configure:4031: cl.exe -c -g  conftest.c >&5
conftest.c
conftest.c(50) : fatal error C1083: Cannot open include file: 'strings.h': No such file or directory
Microsoft (R) 32-bit C/C++ Optimizing Compiler Version 16.00.40219.01 for 80x86
Copyright (C) Microsoft Corporation.  All rights reserved.

cl : Command line warning D9002 : ignoring unknown option '-g'
configure:4038: $? = 2
configure: failed program was:
| /* confdefs.h.  */
| #define PACKAGE_NAME "scrypt"
| #define PACKAGE_TARNAME "scrypt"
| #define PACKAGE_VERSION "1.1.6"
| #define PACKAGE_STRING "scrypt 1.1.6"
| #define PACKAGE_BUGREPORT ""
| #define PACKAGE "scrypt"
| #define VERSION "1.1.6"
| #define STDC_HEADERS 1
| #define HAVE_SYS_TYPES_H 1
| #define HAVE_SYS_STAT_H 1
| #define HAVE_STDLIB_H 1
| #define HAVE_STRING_H 1
| #define HAVE_MEMORY_H 1
| /* end confdefs.h.  */
| #include <stdio.h>
| #ifdef HAVE_SYS_TYPES_H
| # include <sys/types.h>
| #endif
| #ifdef HAVE_SYS_STAT_H
| # include <sys/stat.h>
| #endif
| #ifdef STDC_HEADERS
| # include <stdlib.h>
| # include <stddef.h>
| #else
| # ifdef HAVE_STDLIB_H
| #  include <stdlib.h>
| # endif
| #endif
| #ifdef HAVE_STRING_H
| # if !defined STDC_HEADERS && defined HAVE_MEMORY_H
| #  include <memory.h>
| # endif
| # include <string.h>
| #endif
| #ifdef HAVE_STRINGS_H
| # include <strings.h>
| #endif
| #ifdef HAVE_INTTYPES_H
| # include <inttypes.h>
| #endif
| #ifdef HAVE_STDINT_H
| # include <stdint.h>
| #endif
| #ifdef HAVE_UNISTD_H
| # include <unistd.h>
| #endif
| 
| #include <strings.h>
configure:4055: result: no
configure:4010: checking for inttypes.h
configure:4031: cl.exe -c -g  conftest.c >&5
conftest.c
conftest.c(50) : fatal error C1083: Cannot open include file: 'inttypes.h': No such file or directory
Microsoft (R) 32-bit C/C++ Optimizing Compiler Version 16.00.40219.01 for 80x86
Copyright (C) Microsoft Corporation.  All rights reserved.

cl : Command line warning D9002 : ignoring unknown option '-g'
configure:4038: $? = 2
configure: failed program was:
| /* confdefs.h.  */
| #define PACKAGE_NAME "scrypt"
| #define PACKAGE_TARNAME "scrypt"
| #define PACKAGE_VERSION "1.1.6"
| #define PACKAGE_STRING "scrypt 1.1.6"
| #define PACKAGE_BUGREPORT ""
| #define PACKAGE "scrypt"
| #define VERSION "1.1.6"
| #define STDC_HEADERS 1
| #define HAVE_SYS_TYPES_H 1
| #define HAVE_SYS_STAT_H 1
| #define HAVE_STDLIB_H 1
| #define HAVE_STRING_H 1
| #define HAVE_MEMORY_H 1
| /* end confdefs.h.  */
| #include <stdio.h>
| #ifdef HAVE_SYS_TYPES_H
| # include <sys/types.h>
| #endif
| #ifdef HAVE_SYS_STAT_H
| # include <sys/stat.h>
| #endif
| #ifdef STDC_HEADERS
| # include <stdlib.h>
| # include <stddef.h>
| #else
| # ifdef HAVE_STDLIB_H
| #  include <stdlib.h>
| # endif
| #endif
| #ifdef HAVE_STRING_H
| # if !defined STDC_HEADERS && defined HAVE_MEMORY_H
| #  include <memory.h>
| # endif
| # include <string.h>
| #endif
| #ifdef HAVE_STRINGS_H
| # include <strings.h>
| #endif
| #ifdef HAVE_INTTYPES_H
| # include <inttypes.h>
| #endif
| #ifdef HAVE_STDINT_H
| # include <stdint.h>
| #endif
| #ifdef HAVE_UNISTD_H
| # include <unistd.h>
| #endif
| 
| #include <inttypes.h>
configure:4055: result: no
configure:4010: checking for stdint.h
configure:4031: cl.exe -c -g  conftest.c >&5
conftest.c
Microsoft (R) 32-bit C/C++ Optimizing Compiler Version 16.00.40219.01 for 80x86
Copyright (C) Microsoft Corporation.  All rights reserved.

cl : Command line warning D9002 : ignoring unknown option '-g'
configure:4038: $? = 0
configure:4055: result: yes
configure:4010: checking for unistd.h
configure:4031: cl.exe -c -g  conftest.c >&5
conftest.c
conftest.c(51) : fatal error C1083: Cannot open include file: 'unistd.h': No such file or directory
Microsoft (R) 32-bit C/C++ Optimizing Compiler Version 16.00.40219.01 for 80x86
Copyright (C) Microsoft Corporation.  All rights reserved.

cl : Command line warning D9002 : ignoring unknown option '-g'
configure:4038: $? = 2
configure: failed program was:
| /* confdefs.h.  */
| #define PACKAGE_NAME "scrypt"
| #define PACKAGE_TARNAME "scrypt"
| #define PACKAGE_VERSION "1.1.6"
| #define PACKAGE_STRING "scrypt 1.1.6"
| #define PACKAGE_BUGREPORT ""
| #define PACKAGE "scrypt"
| #define VERSION "1.1.6"
| #define STDC_HEADERS 1
| #define HAVE_SYS_TYPES_H 1
| #define HAVE_SYS_STAT_H 1
| #define HAVE_STDLIB_H 1
| #define HAVE_STRING_H 1
| #define HAVE_MEMORY_H 1
| #define HAVE_STDINT_H 1
| /* end confdefs.h.  */
| #include <stdio.h>
| #ifdef HAVE_SYS_TYPES_H
| # include <sys/types.h>
| #endif
| #ifdef HAVE_SYS_STAT_H
| # include <sys/stat.h>
| #endif
| #ifdef STDC_HEADERS
| # include <stdlib.h>
| # include <stddef.h>
| #else
| # ifdef HAVE_STDLIB_H
| #  include <stdlib.h>
| # endif
| #endif
| #ifdef HAVE_STRING_H
| # if !defined STDC_HEADERS && defined HAVE_MEMORY_H
| #  include <memory.h>
| # endif
| # include <string.h>
| #endif
| #ifdef HAVE_STRINGS_H
| # include <strings.h>
| #endif
| #ifdef HAVE_INTTYPES_H
| # include <inttypes.h>
| #endif
| #ifdef HAVE_STDINT_H
| # include <stdint.h>
| #endif
| #ifdef HAVE_UNISTD_H
| # include <unistd.h>
| #endif
| 
| #include <unistd.h>
configure:4055: result: no
configure:4084: checking sys/endian.h usability
configure:4101: cl.exe -c -g  conftest.c >&5
conftest.c
conftest.c(50) : fatal error C1083: Cannot open include file: 'sys/endian.h': No such file or directory
Microsoft (R) 32-bit C/C++ Optimizing Compiler Version 16.00.40219.01 for 80x86
Copyright (C) Microsoft Corporation.  All rights reserved.

cl : Command line warning D9002 : ignoring unknown option '-g'
configure:4108: $? = 2
configure: failed program was:
| /* confdefs.h.  */
| #define PACKAGE_NAME "scrypt"
| #define PACKAGE_TARNAME "scrypt"
| #define PACKAGE_VERSION "1.1.6"
| #define PACKAGE_STRING "scrypt 1.1.6"
| #define PACKAGE_BUGREPORT ""
| #define PACKAGE "scrypt"
| #define VERSION "1.1.6"
| #define STDC_HEADERS 1
| #define HAVE_SYS_TYPES_H 1
| #define HAVE_SYS_STAT_H 1
| #define HAVE_STDLIB_H 1
| #define HAVE_STRING_H 1
| #define HAVE_MEMORY_H 1
| #define HAVE_STDINT_H 1
| /* end confdefs.h.  */
| #include <stdio.h>
| #ifdef HAVE_SYS_TYPES_H
| # include <sys/types.h>
| #endif
| #ifdef HAVE_SYS_STAT_H
| # include <sys/stat.h>
| #endif
| #ifdef STDC_HEADERS
| # include <stdlib.h>
| # include <stddef.h>
| #else
| # ifdef HAVE_STDLIB_H
| #  include <stdlib.h>
| # endif
| #endif
| #ifdef HAVE_STRING_H
| # if !defined STDC_HEADERS && defined HAVE_MEMORY_H
| #  include <memory.h>
| # endif
| # include <string.h>
| #endif
| #ifdef HAVE_STRINGS_H
| # include <strings.h>
| #endif
| #ifdef HAVE_INTTYPES_H
| # include <inttypes.h>
| #endif
| #ifdef HAVE_STDINT_H
| # include <stdint.h>
| #endif
| #ifdef HAVE_UNISTD_H
| # include <unistd.h>
| #endif
| #include <sys/endian.h>
configure:4122: result: no
configure:4126: checking sys/endian.h presence
configure:4141: cl.exe -E  conftest.c
Microsoft (R) 32-bit C/C++ Optimizing Compiler Version 16.00.40219.01 for 80x86
Copyright (C) Microsoft Corporation.  All rights reserved.

conftest.c
conftest.c(17) : fatal error C1083: Cannot open include file: 'sys/endian.h': No such file or directory
configure:4148: $? = 2
configure: failed program was:
| /* confdefs.h.  */
| #define PACKAGE_NAME "scrypt"
| #define PACKAGE_TARNAME "scrypt"
| #define PACKAGE_VERSION "1.1.6"
| #define PACKAGE_STRING "scrypt 1.1.6"
| #define PACKAGE_BUGREPORT ""
| #define PACKAGE "scrypt"
| #define VERSION "1.1.6"
| #define STDC_HEADERS 1
| #define HAVE_SYS_TYPES_H 1
| #define HAVE_SYS_STAT_H 1
| #define HAVE_STDLIB_H 1
| #define HAVE_STRING_H 1
| #define HAVE_MEMORY_H 1
| #define HAVE_STDINT_H 1
| /* end confdefs.h.  */
| #include <sys/endian.h>
configure:4162: result: no
configure:4190: checking for sys/endian.h
configure:4199: result: no
configure:4213: checking whether be64enc is declared
configure:4243: cl.exe -c -g  conftest.c >&5
conftest.c
conftest.c(17) : fatal error C1083: Cannot open include file: 'sys/endian.h': No such file or directory
Microsoft (R) 32-bit C/C++ Optimizing Compiler Version 16.00.40219.01 for 80x86
Copyright (C) Microsoft Corporation.  All rights reserved.

cl : Command line warning D9002 : ignoring unknown option '-g'
configure:4250: $? = 2
configure: failed program was:
| /* confdefs.h.  */
| #define PACKAGE_NAME "scrypt"
| #define PACKAGE_TARNAME "scrypt"
| #define PACKAGE_VERSION "1.1.6"
| #define PACKAGE_STRING "scrypt 1.1.6"
| #define PACKAGE_BUGREPORT ""
| #define PACKAGE "scrypt"
| #define VERSION "1.1.6"
| #define STDC_HEADERS 1
| #define HAVE_SYS_TYPES_H 1
| #define HAVE_SYS_STAT_H 1
| #define HAVE_STDLIB_H 1
| #define HAVE_STRING_H 1
| #define HAVE_MEMORY_H 1
| #define HAVE_STDINT_H 1
| /* end confdefs.h.  */
| #include <sys/endian.h>
| 
| int
| main ()
| {
| #ifndef be64enc
|   (void) be64enc;
| #endif
| 
|   ;
|   return 0;
| }
configure:4265: result: no
configure:4301: checking err.h usability
configure:4318: cl.exe -c -g  conftest.c >&5
conftest.c
conftest.c(51) : fatal error C1083: Cannot open include file: 'err.h': No such file or directory
Microsoft (R) 32-bit C/C++ Optimizing Compiler Version 16.00.40219.01 for 80x86
Copyright (C) Microsoft Corporation.  All rights reserved.

cl : Command line warning D9002 : ignoring unknown option '-g'
configure:4325: $? = 2
configure: failed program was:
| /* confdefs.h.  */
| #define PACKAGE_NAME "scrypt"
| #define PACKAGE_TARNAME "scrypt"
| #define PACKAGE_VERSION "1.1.6"
| #define PACKAGE_STRING "scrypt 1.1.6"
| #define PACKAGE_BUGREPORT ""
| #define PACKAGE "scrypt"
| #define VERSION "1.1.6"
| #define STDC_HEADERS 1
| #define HAVE_SYS_TYPES_H 1
| #define HAVE_SYS_STAT_H 1
| #define HAVE_STDLIB_H 1
| #define HAVE_STRING_H 1
| #define HAVE_MEMORY_H 1
| #define HAVE_STDINT_H 1
| #define HAVE_DECL_BE64ENC 0
| /* end confdefs.h.  */
| #include <stdio.h>
| #ifdef HAVE_SYS_TYPES_H
| # include <sys/types.h>
| #endif
| #ifdef HAVE_SYS_STAT_H
| # include <sys/stat.h>
| #endif
| #ifdef STDC_HEADERS
| # include <stdlib.h>
| # include <stddef.h>
| #else
| # ifdef HAVE_STDLIB_H
| #  include <stdlib.h>
| # endif
| #endif
| #ifdef HAVE_STRING_H
| # if !defined STDC_HEADERS && defined HAVE_MEMORY_H
| #  include <memory.h>
| # endif
| # include <string.h>
| #endif
| #ifdef HAVE_STRINGS_H
| # include <strings.h>
| #endif
| #ifdef HAVE_INTTYPES_H
| # include <inttypes.h>
| #endif
| #ifdef HAVE_STDINT_H
| # include <stdint.h>
| #endif
| #ifdef HAVE_UNISTD_H
| # include <unistd.h>
| #endif
| #include <err.h>
configure:4339: result: no
configure:4343: checking err.h presence
configure:4358: cl.exe -E  conftest.c
Microsoft (R) 32-bit C/C++ Optimizing Compiler Version 16.00.40219.01 for 80x86
Copyright (C) Microsoft Corporation.  All rights reserved.

conftest.c
conftest.c(18) : fatal error C1083: Cannot open include file: 'err.h': No such file or directory
configure:4365: $? = 2
configure: failed program was:
| /* confdefs.h.  */
| #define PACKAGE_NAME "scrypt"
| #define PACKAGE_TARNAME "scrypt"
| #define PACKAGE_VERSION "1.1.6"
| #define PACKAGE_STRING "scrypt 1.1.6"
| #define PACKAGE_BUGREPORT ""
| #define PACKAGE "scrypt"
| #define VERSION "1.1.6"
| #define STDC_HEADERS 1
| #define HAVE_SYS_TYPES_H 1
| #define HAVE_SYS_STAT_H 1
| #define HAVE_STDLIB_H 1
| #define HAVE_STRING_H 1
| #define HAVE_MEMORY_H 1
| #define HAVE_STDINT_H 1
| #define HAVE_DECL_BE64ENC 0
| /* end confdefs.h.  */
| #include <err.h>
configure:4379: result: no
configure:4407: checking for err.h
configure:4416: result: no
configure:4433: checking for clock_gettime in -lrt
configure:4468: cl.exe -o conftest.exe -g   conftest.c -lrt   >&5
conftest.c
Microsoft (R) Incremental Linker Version 10.00.40219.01
Copyright (C) Microsoft Corporation.  All rights reserved.

/out:conftest.exe 
/out:conftest.exe 
conftest.obj 
conftest.obj : error LNK2019: unresolved external symbol _clock_gettime referenced in function _main
conftest.exe : fatal error LNK1120: 1 unresolved externals
Microsoft (R) 32-bit C/C++ Optimizing Compiler Version 16.00.40219.01 for 80x86
Copyright (C) Microsoft Corporation.  All rights reserved.

cl : Command line warning D9035 : option 'o' has been deprecated and will be removed in a future release
cl : Command line warning D9002 : ignoring unknown option '-g'
cl : Command line warning D9002 : ignoring unknown option '-lrt'
configure:4475: $? = 2
configure: failed program was:
| /* confdefs.h.  */
| #define PACKAGE_NAME "scrypt"
| #define PACKAGE_TARNAME "scrypt"
| #define PACKAGE_VERSION "1.1.6"
| #define PACKAGE_STRING "scrypt 1.1.6"
| #define PACKAGE_BUGREPORT ""
| #define PACKAGE "scrypt"
| #define VERSION "1.1.6"
| #define STDC_HEADERS 1
| #define HAVE_SYS_TYPES_H 1
| #define HAVE_SYS_STAT_H 1
| #define HAVE_STDLIB_H 1
| #define HAVE_STRING_H 1
| #define HAVE_MEMORY_H 1
| #define HAVE_STDINT_H 1
| #define HAVE_DECL_BE64ENC 0
| /* end confdefs.h.  */
| 
| /* Override any GCC internal prototype to avoid an error.
|    Use char because int might match the return type of a GCC
|    builtin and then its argument prototype would still apply.  */
| #ifdef __cplusplus
| extern "C"
| #endif
| char clock_gettime ();
| int
| main ()
| {
| return clock_gettime ();
|   ;
|   return 0;
| }
configure:4496: result: no
configure:4511: checking for clock_gettime
configure:4567: cl.exe -o conftest.exe -g   conftest.c  >&5
conftest.c
Microsoft (R) Incremental Linker Version 10.00.40219.01
Copyright (C) Microsoft Corporation.  All rights reserved.

/out:conftest.exe 
/out:conftest.exe 
conftest.obj 
conftest.obj : error LNK2019: unresolved external symbol _clock_gettime referenced in function _main
conftest.exe : fatal error LNK1120: 1 unresolved externals
Microsoft (R) 32-bit C/C++ Optimizing Compiler Version 16.00.40219.01 for 80x86
Copyright (C) Microsoft Corporation.  All rights reserved.

cl : Command line warning D9035 : option 'o' has been deprecated and will be removed in a future release
cl : Command line warning D9002 : ignoring unknown option '-g'
configure:4574: $? = 2
configure: failed program was:
| /* confdefs.h.  */
| #define PACKAGE_NAME "scrypt"
| #define PACKAGE_TARNAME "scrypt"
| #define PACKAGE_VERSION "1.1.6"
| #define PACKAGE_STRING "scrypt 1.1.6"
| #define PACKAGE_BUGREPORT ""
| #define PACKAGE "scrypt"
| #define VERSION "1.1.6"
| #define STDC_HEADERS 1
| #define HAVE_SYS_TYPES_H 1
| #define HAVE_SYS_STAT_H 1
| #define HAVE_STDLIB_H 1
| #define HAVE_STRING_H 1
| #define HAVE_MEMORY_H 1
| #define HAVE_STDINT_H 1
| #define HAVE_DECL_BE64ENC 0
| /* end confdefs.h.  */
| /* Define clock_gettime to an innocuous variant, in case <limits.h> declares clock_gettime.
|    For example, HP-UX 11i <limits.h> declares gettimeofday.  */
| #define clock_gettime innocuous_clock_gettime
| 
| /* System header to define __stub macros and hopefully few prototypes,
|     which can conflict with char clock_gettime (); below.
|     Prefer <limits.h> to <assert.h> if __STDC__ is defined, since
|     <limits.h> exists even on freestanding compilers.  */
| 
| #ifdef __STDC__
| # include <limits.h>
| #else
| # include <assert.h>
| #endif
| 
| #undef clock_gettime
| 
| /* Override any GCC internal prototype to avoid an error.
|    Use char because int might match the return type of a GCC
|    builtin and then its argument prototype would still apply.  */
| #ifdef __cplusplus
| extern "C"
| #endif
| char clock_gettime ();
| /* The GNU C library defines this for functions which it implements
|     to always fail with ENOSYS.  Some functions are actually named
|     something starting with __ and the normal name is an alias.  */
| #if defined __stub_clock_gettime || defined __stub___clock_gettime
| choke me
| #endif
| 
| int
| main ()
| {
| return clock_gettime ();
|   ;
|   return 0;
| }
configure:4596: result: no
configure:4627: checking sys/sysinfo.h usability
configure:4644: cl.exe -c -g  conftest.c >&5
conftest.c
conftest.c(51) : fatal error C1083: Cannot open include file: 'sys/sysinfo.h': No such file or directory
Microsoft (R) 32-bit C/C++ Optimizing Compiler Version 16.00.40219.01 for 80x86
Copyright (C) Microsoft Corporation.  All rights reserved.

cl : Command line warning D9002 : ignoring unknown option '-g'
configure:4651: $? = 2
configure: failed program was:
| /* confdefs.h.  */
| #define PACKAGE_NAME "scrypt"
| #define PACKAGE_TARNAME "scrypt"
| #define PACKAGE_VERSION "1.1.6"
| #define PACKAGE_STRING "scrypt 1.1.6"
| #define PACKAGE_BUGREPORT ""
| #define PACKAGE "scrypt"
| #define VERSION "1.1.6"
| #define STDC_HEADERS 1
| #define HAVE_SYS_TYPES_H 1
| #define HAVE_SYS_STAT_H 1
| #define HAVE_STDLIB_H 1
| #define HAVE_STRING_H 1
| #define HAVE_MEMORY_H 1
| #define HAVE_STDINT_H 1
| #define HAVE_DECL_BE64ENC 0
| /* end confdefs.h.  */
| #include <stdio.h>
| #ifdef HAVE_SYS_TYPES_H
| # include <sys/types.h>
| #endif
| #ifdef HAVE_SYS_STAT_H
| # include <sys/stat.h>
| #endif
| #ifdef STDC_HEADERS
| # include <stdlib.h>
| # include <stddef.h>
| #else
| # ifdef HAVE_STDLIB_H
| #  include <stdlib.h>
| # endif
| #endif
| #ifdef HAVE_STRING_H
| # if !defined STDC_HEADERS && defined HAVE_MEMORY_H
| #  include <memory.h>
| # endif
| # include <string.h>
| #endif
| #ifdef HAVE_STRINGS_H
| # include <strings.h>
| #endif
| #ifdef HAVE_INTTYPES_H
| # include <inttypes.h>
| #endif
| #ifdef HAVE_STDINT_H
| # include <stdint.h>
| #endif
| #ifdef HAVE_UNISTD_H
| # include <unistd.h>
| #endif
| #include <sys/sysinfo.h>
configure:4665: result: no
configure:4669: checking sys/sysinfo.h presence
configure:4684: cl.exe -E  conftest.c
Microsoft (R) 32-bit C/C++ Optimizing Compiler Version 16.00.40219.01 for 80x86
Copyright (C) Microsoft Corporation.  All rights reserved.

conftest.c
conftest.c(18) : fatal error C1083: Cannot open include file: 'sys/sysinfo.h': No such file or directory
configure:4691: $? = 2
configure: failed program was:
| /* confdefs.h.  */
| #define PACKAGE_NAME "scrypt"
| #define PACKAGE_TARNAME "scrypt"
| #define PACKAGE_VERSION "1.1.6"
| #define PACKAGE_STRING "scrypt 1.1.6"
| #define PACKAGE_BUGREPORT ""
| #define PACKAGE "scrypt"
| #define VERSION "1.1.6"
| #define STDC_HEADERS 1
| #define HAVE_SYS_TYPES_H 1
| #define HAVE_SYS_STAT_H 1
| #define HAVE_STDLIB_H 1
| #define HAVE_STRING_H 1
| #define HAVE_MEMORY_H 1
| #define HAVE_STDINT_H 1
| #define HAVE_DECL_BE64ENC 0
| /* end confdefs.h.  */
| #include <sys/sysinfo.h>
configure:4705: result: no
configure:4733: checking for sys/sysinfo.h
configure:4742: result: no
configure:4760: checking for sysinfo
configure:4816: cl.exe -o conftest.exe -g   conftest.c  >&5
conftest.c
Microsoft (R) Incremental Linker Version 10.00.40219.01
Copyright (C) Microsoft Corporation.  All rights reserved.

/out:conftest.exe 
/out:conftest.exe 
conftest.obj 
conftest.obj : error LNK2019: unresolved external symbol _sysinfo referenced in function _main
conftest.exe : fatal error LNK1120: 1 unresolved externals
Microsoft (R) 32-bit C/C++ Optimizing Compiler Version 16.00.40219.01 for 80x86
Copyright (C) Microsoft Corporation.  All rights reserved.

cl : Command line warning D9035 : option 'o' has been deprecated and will be removed in a future release
cl : Command line warning D9002 : ignoring unknown option '-g'
configure:4823: $? = 2
configure: failed program was:
| /* confdefs.h.  */
| #define PACKAGE_NAME "scrypt"
| #define PACKAGE_TARNAME "scrypt"
| #define PACKAGE_VERSION "1.1.6"
| #define PACKAGE_STRING "scrypt 1.1.6"
| #define PACKAGE_BUGREPORT ""
| #define PACKAGE "scrypt"
| #define VERSION "1.1.6"
| #define STDC_HEADERS 1
| #define HAVE_SYS_TYPES_H 1
| #define HAVE_SYS_STAT_H 1
| #define HAVE_STDLIB_H 1
| #define HAVE_STRING_H 1
| #define HAVE_MEMORY_H 1
| #define HAVE_STDINT_H 1
| #define HAVE_DECL_BE64ENC 0
| /* end confdefs.h.  */
| /* Define sysinfo to an innocuous variant, in case <limits.h> declares sysinfo.
|    For example, HP-UX 11i <limits.h> declares gettimeofday.  */
| #define sysinfo innocuous_sysinfo
| 
| /* System header to define __stub macros and hopefully few prototypes,
|     which can conflict with char sysinfo (); below.
|     Prefer <limits.h> to <assert.h> if __STDC__ is defined, since
|     <limits.h> exists even on freestanding compilers.  */
| 
| #ifdef __STDC__
| # include <limits.h>
| #else
| # include <assert.h>
| #endif
| 
| #undef sysinfo
| 
| /* Override any GCC internal prototype to avoid an error.
|    Use char because int might match the return type of a GCC
|    builtin and then its argument prototype would still apply.  */
| #ifdef __cplusplus
| extern "C"
| #endif
| char sysinfo ();
| /* The GNU C library defines this for functions which it implements
|     to always fail with ENOSYS.  Some functions are actually named
|     something starting with __ and the normal name is an alias.  */
| #if defined __stub_sysinfo || defined __stub___sysinfo
| choke me
| #endif
| 
| int
| main ()
| {
| return sysinfo ();
|   ;
|   return 0;
| }
configure:4845: result: no
configure:4856: checking for struct sysinfo
configure:4885: cl.exe -c -g  conftest.c >&5
conftest.c
conftest.c(18) : fatal error C1083: Cannot open include file: 'sys/sysinfo.h': No such file or directory
Microsoft (R) 32-bit C/C++ Optimizing Compiler Version 16.00.40219.01 for 80x86
Copyright (C) Microsoft Corporation.  All rights reserved.

cl : Command line warning D9002 : ignoring unknown option '-g'
configure:4892: $? = 2
configure: failed program was:
| /* confdefs.h.  */
| #define PACKAGE_NAME "scrypt"
| #define PACKAGE_TARNAME "scrypt"
| #define PACKAGE_VERSION "1.1.6"
| #define PACKAGE_STRING "scrypt 1.1.6"
| #define PACKAGE_BUGREPORT ""
| #define PACKAGE "scrypt"
| #define VERSION "1.1.6"
| #define STDC_HEADERS 1
| #define HAVE_SYS_TYPES_H 1
| #define HAVE_SYS_STAT_H 1
| #define HAVE_STDLIB_H 1
| #define HAVE_STRING_H 1
| #define HAVE_MEMORY_H 1
| #define HAVE_STDINT_H 1
| #define HAVE_DECL_BE64ENC 0
| /* end confdefs.h.  */
| #include <sys/sysinfo.h>
| 
| int
| main ()
| {
| if (sizeof (struct sysinfo))
|        return 0;
|   ;
|   return 0;
| }
configure:4950: result: no
configure:4961: checking for struct sysinfo.totalram
configure:4990: cl.exe -c -g  conftest.c >&5
conftest.c
conftest.c(18) : fatal error C1083: Cannot open include file: 'sys/sysinfo.h': No such file or directory
Microsoft (R) 32-bit C/C++ Optimizing Compiler Version 16.00.40219.01 for 80x86
Copyright (C) Microsoft Corporation.  All rights reserved.

cl : Command line warning D9002 : ignoring unknown option '-g'
configure:4997: $? = 2
configure: failed program was:
| /* confdefs.h.  */
| #define PACKAGE_NAME "scrypt"
| #define PACKAGE_TARNAME "scrypt"
| #define PACKAGE_VERSION "1.1.6"
| #define PACKAGE_STRING "scrypt 1.1.6"
| #define PACKAGE_BUGREPORT ""
| #define PACKAGE "scrypt"
| #define VERSION "1.1.6"
| #define STDC_HEADERS 1
| #define HAVE_SYS_TYPES_H 1
| #define HAVE_SYS_STAT_H 1
| #define HAVE_STDLIB_H 1
| #define HAVE_STRING_H 1
| #define HAVE_MEMORY_H 1
| #define HAVE_STDINT_H 1
| #define HAVE_DECL_BE64ENC 0
| /* end confdefs.h.  */
| #include <sys/sysinfo.h>
| 
| int
| main ()
| {
| static struct sysinfo ac_aggr;
| if (ac_aggr.totalram)
| return 0;
|   ;
|   return 0;
| }
configure:5031: cl.exe -c -g  conftest.c >&5
conftest.c
conftest.c(18) : fatal error C1083: Cannot open include file: 'sys/sysinfo.h': No such file or directory
Microsoft (R) 32-bit C/C++ Optimizing Compiler Version 16.00.40219.01 for 80x86
Copyright (C) Microsoft Corporation.  All rights reserved.

cl : Command line warning D9002 : ignoring unknown option '-g'
configure:5038: $? = 2
configure: failed program was:
| /* confdefs.h.  */
| #define PACKAGE_NAME "scrypt"
| #define PACKAGE_TARNAME "scrypt"
| #define PACKAGE_VERSION "1.1.6"
| #define PACKAGE_STRING "scrypt 1.1.6"
| #define PACKAGE_BUGREPORT ""
| #define PACKAGE "scrypt"
| #define VERSION "1.1.6"
| #define STDC_HEADERS 1
| #define HAVE_SYS_TYPES_H 1
| #define HAVE_SYS_STAT_H 1
| #define HAVE_STDLIB_H 1
| #define HAVE_STRING_H 1
| #define HAVE_MEMORY_H 1
| #define HAVE_STDINT_H 1
| #define HAVE_DECL_BE64ENC 0
| /* end confdefs.h.  */
| #include <sys/sysinfo.h>
| 
| int
| main ()
| {
| static struct sysinfo ac_aggr;
| if (sizeof ac_aggr.totalram)
| return 0;
|   ;
|   return 0;
| }
configure:5056: result: no
configure:5066: checking for struct sysinfo.mem_unit
configure:5095: cl.exe -c -g  conftest.c >&5
conftest.c
conftest.c(18) : fatal error C1083: Cannot open include file: 'sys/sysinfo.h': No such file or directory
Microsoft (R) 32-bit C/C++ Optimizing Compiler Version 16.00.40219.01 for 80x86
Copyright (C) Microsoft Corporation.  All rights reserved.

cl : Command line warning D9002 : ignoring unknown option '-g'
configure:5102: $? = 2
configure: failed program was:
| /* confdefs.h.  */
| #define PACKAGE_NAME "scrypt"
| #define PACKAGE_TARNAME "scrypt"
| #define PACKAGE_VERSION "1.1.6"
| #define PACKAGE_STRING "scrypt 1.1.6"
| #define PACKAGE_BUGREPORT ""
| #define PACKAGE "scrypt"
| #define VERSION "1.1.6"
| #define STDC_HEADERS 1
| #define HAVE_SYS_TYPES_H 1
| #define HAVE_SYS_STAT_H 1
| #define HAVE_STDLIB_H 1
| #define HAVE_STRING_H 1
| #define HAVE_MEMORY_H 1
| #define HAVE_STDINT_H 1
| #define HAVE_DECL_BE64ENC 0
| /* end confdefs.h.  */
| #include <sys/sysinfo.h>
| 
| int
| main ()
| {
| static struct sysinfo ac_aggr;
| if (ac_aggr.mem_unit)
| return 0;
|   ;
|   return 0;
| }
configure:5136: cl.exe -c -g  conftest.c >&5
conftest.c
conftest.c(18) : fatal error C1083: Cannot open include file: 'sys/sysinfo.h': No such file or directory
Microsoft (R) 32-bit C/C++ Optimizing Compiler Version 16.00.40219.01 for 80x86
Copyright (C) Microsoft Corporation.  All rights reserved.

cl : Command line warning D9002 : ignoring unknown option '-g'
configure:5143: $? = 2
configure: failed program was:
| /* confdefs.h.  */
| #define PACKAGE_NAME "scrypt"
| #define PACKAGE_TARNAME "scrypt"
| #define PACKAGE_VERSION "1.1.6"
| #define PACKAGE_STRING "scrypt 1.1.6"
| #define PACKAGE_BUGREPORT ""
| #define PACKAGE "scrypt"
| #define VERSION "1.1.6"
| #define STDC_HEADERS 1
| #define HAVE_SYS_TYPES_H 1
| #define HAVE_SYS_STAT_H 1
| #define HAVE_STDLIB_H 1
| #define HAVE_STRING_H 1
| #define HAVE_MEMORY_H 1
| #define HAVE_STDINT_H 1
| #define HAVE_DECL_BE64ENC 0
| /* end confdefs.h.  */
| #include <sys/sysinfo.h>
| 
| int
| main ()
| {
| static struct sysinfo ac_aggr;
| if (sizeof ac_aggr.mem_unit)
| return 0;
|   ;
|   return 0;
| }
configure:5161: result: no
configure:5202: checking sys/param.h usability
configure:5219: cl.exe -c -g  conftest.c >&5
conftest.c
conftest.c(51) : fatal error C1083: Cannot open include file: 'sys/param.h': No such file or directory
Microsoft (R) 32-bit C/C++ Optimizing Compiler Version 16.00.40219.01 for 80x86
Copyright (C) Microsoft Corporation.  All rights reserved.

cl : Command line warning D9002 : ignoring unknown option '-g'
configure:5226: $? = 2
configure: failed program was:
| /* confdefs.h.  */
| #define PACKAGE_NAME "scrypt"
| #define PACKAGE_TARNAME "scrypt"
| #define PACKAGE_VERSION "1.1.6"
| #define PACKAGE_STRING "scrypt 1.1.6"
| #define PACKAGE_BUGREPORT ""
| #define PACKAGE "scrypt"
| #define VERSION "1.1.6"
| #define STDC_HEADERS 1
| #define HAVE_SYS_TYPES_H 1
| #define HAVE_SYS_STAT_H 1
| #define HAVE_STDLIB_H 1
| #define HAVE_STRING_H 1
| #define HAVE_MEMORY_H 1
| #define HAVE_STDINT_H 1
| #define HAVE_DECL_BE64ENC 0
| /* end confdefs.h.  */
| #include <stdio.h>
| #ifdef HAVE_SYS_TYPES_H
| # include <sys/types.h>
| #endif
| #ifdef HAVE_SYS_STAT_H
| # include <sys/stat.h>
| #endif
| #ifdef STDC_HEADERS
| # include <stdlib.h>
| # include <stddef.h>
| #else
| # ifdef HAVE_STDLIB_H
| #  include <stdlib.h>
| # endif
| #endif
| #ifdef HAVE_STRING_H
| # if !defined STDC_HEADERS && defined HAVE_MEMORY_H
| #  include <memory.h>
| # endif
| # include <string.h>
| #endif
| #ifdef HAVE_STRINGS_H
| # include <strings.h>
| #endif
| #ifdef HAVE_INTTYPES_H
| # include <inttypes.h>
| #endif
| #ifdef HAVE_STDINT_H
| # include <stdint.h>
| #endif
| #ifdef HAVE_UNISTD_H
| # include <unistd.h>
| #endif
| #include <sys/param.h>
configure:5240: result: no
configure:5244: checking sys/param.h presence
configure:5259: cl.exe -E  conftest.c
Microsoft (R) 32-bit C/C++ Optimizing Compiler Version 16.00.40219.01 for 80x86
Copyright (C) Microsoft Corporation.  All rights reserved.

conftest.c
conftest.c(18) : fatal error C1083: Cannot open include file: 'sys/param.h': No such file or directory
configure:5266: $? = 2
configure: failed program was:
| /* confdefs.h.  */
| #define PACKAGE_NAME "scrypt"
| #define PACKAGE_TARNAME "scrypt"
| #define PACKAGE_VERSION "1.1.6"
| #define PACKAGE_STRING "scrypt 1.1.6"
| #define PACKAGE_BUGREPORT ""
| #define PACKAGE "scrypt"
| #define VERSION "1.1.6"
| #define STDC_HEADERS 1
| #define HAVE_SYS_TYPES_H 1
| #define HAVE_SYS_STAT_H 1
| #define HAVE_STDLIB_H 1
| #define HAVE_STRING_H 1
| #define HAVE_MEMORY_H 1
| #define HAVE_STDINT_H 1
| #define HAVE_DECL_BE64ENC 0
| /* end confdefs.h.  */
| #include <sys/param.h>
configure:5280: result: no
configure:5308: checking for sys/param.h
configure:5317: result: no
configure:5337: checking for posix_memalign
configure:5393: cl.exe -o conftest.exe -g   conftest.c  >&5
conftest.c
Microsoft (R) Incremental Linker Version 10.00.40219.01
Copyright (C) Microsoft Corporation.  All rights reserved.

/out:conftest.exe 
/out:conftest.exe 
conftest.obj 
conftest.obj : error LNK2019: unresolved external symbol _posix_memalign referenced in function _main
conftest.exe : fatal error LNK1120: 1 unresolved externals
Microsoft (R) 32-bit C/C++ Optimizing Compiler Version 16.00.40219.01 for 80x86
Copyright (C) Microsoft Corporation.  All rights reserved.

cl : Command line warning D9035 : option 'o' has been deprecated and will be removed in a future release
cl : Command line warning D9002 : ignoring unknown option '-g'
configure:5400: $? = 2
configure: failed program was:
| /* confdefs.h.  */
| #define PACKAGE_NAME "scrypt"
| #define PACKAGE_TARNAME "scrypt"
| #define PACKAGE_VERSION "1.1.6"
| #define PACKAGE_STRING "scrypt 1.1.6"
| #define PACKAGE_BUGREPORT ""
| #define PACKAGE "scrypt"
| #define VERSION "1.1.6"
| #define STDC_HEADERS 1
| #define HAVE_SYS_TYPES_H 1
| #define HAVE_SYS_STAT_H 1
| #define HAVE_STDLIB_H 1
| #define HAVE_STRING_H 1
| #define HAVE_MEMORY_H 1
| #define HAVE_STDINT_H 1
| #define HAVE_DECL_BE64ENC 0
| /* end confdefs.h.  */
| /* Define posix_memalign to an innocuous variant, in case <limits.h> declares posix_memalign.
|    For example, HP-UX 11i <limits.h> declares gettimeofday.  */
| #define posix_memalign innocuous_posix_memalign
| 
| /* System header to define __stub macros and hopefully few prototypes,
|     which can conflict with char posix_memalign (); below.
|     Prefer <limits.h> to <assert.h> if __STDC__ is defined, since
|     <limits.h> exists even on freestanding compilers.  */
| 
| #ifdef __STDC__
| # include <limits.h>
| #else
| # include <assert.h>
| #endif
| 
| #undef posix_memalign
| 
| /* Override any GCC internal prototype to avoid an error.
|    Use char because int might match the return type of a GCC
|    builtin and then its argument prototype would still apply.  */
| #ifdef __cplusplus
| extern "C"
| #endif
| char posix_memalign ();
| /* The GNU C library defines this for functions which it implements
|     to always fail with ENOSYS.  Some functions are actually named
|     something starting with __ and the normal name is an alias.  */
| #if defined __stub_posix_memalign || defined __stub___posix_memalign
| choke me
| #endif
| 
| int
| main ()
| {
| return posix_memalign ();
|   ;
|   return 0;
| }
configure:5422: result: no
configure:5457: checking for special C compiler options needed for large files
configure:5497: cl.exe -c -g  conftest.c >&5
conftest.c
conftest.c(24) : warning C4293: '<<' : shift count negative or too big, undefined behavior
conftest.c(24) : warning C4293: '<<' : shift count negative or too big, undefined behavior
conftest.c(25) : warning C4293: '<<' : shift count negative or too big, undefined behavior
conftest.c(25) : warning C4293: '<<' : shift count negative or too big, undefined behavior
conftest.c(26) : error C2118: negative subscript
Microsoft (R) 32-bit C/C++ Optimizing Compiler Version 16.00.40219.01 for 80x86
Copyright (C) Microsoft Corporation.  All rights reserved.

cl : Command line warning D9002 : ignoring unknown option '-g'
configure:5504: $? = 2
configure: failed program was:
| /* confdefs.h.  */
| #define PACKAGE_NAME "scrypt"
| #define PACKAGE_TARNAME "scrypt"
| #define PACKAGE_VERSION "1.1.6"
| #define PACKAGE_STRING "scrypt 1.1.6"
| #define PACKAGE_BUGREPORT ""
| #define PACKAGE "scrypt"
| #define VERSION "1.1.6"
| #define STDC_HEADERS 1
| #define HAVE_SYS_TYPES_H 1
| #define HAVE_SYS_STAT_H 1
| #define HAVE_STDLIB_H 1
| #define HAVE_STRING_H 1
| #define HAVE_MEMORY_H 1
| #define HAVE_STDINT_H 1
| #define HAVE_DECL_BE64ENC 0
| /* end confdefs.h.  */
| #include <sys/types.h>
|  /* Check that off_t can represent 2**63 - 1 correctly.
|     We can't simply define LARGE_OFF_T to be 9223372036854775807,
|     since some C++ compilers masquerading as C compilers
|     incorrectly reject 9223372036854775807.  */
| #define LARGE_OFF_T (((off_t) 1 << 62) - 1 + ((off_t) 1 << 62))
|   int off_t_is_large[(LARGE_OFF_T % 2147483629 == 721
| 		       && LARGE_OFF_T % 2147483647 == 1)
| 		      ? 1 : -1];
| int
| main ()
| {
| 
|   ;
|   return 0;
| }
configure:5525: cl.exe -n32 -c -g  conftest.c >&5
conftest.c
conftest.c(24) : warning C4293: '<<' : shift count negative or too big, undefined behavior
conftest.c(24) : warning C4293: '<<' : shift count negative or too big, undefined behavior
conftest.c(25) : warning C4293: '<<' : shift count negative or too big, undefined behavior
conftest.c(25) : warning C4293: '<<' : shift count negative or too big, undefined behavior
conftest.c(26) : error C2118: negative subscript
Microsoft (R) 32-bit C/C++ Optimizing Compiler Version 16.00.40219.01 for 80x86
Copyright (C) Microsoft Corporation.  All rights reserved.

cl : Command line warning D9002 : ignoring unknown option '-n32'
cl : Command line warning D9002 : ignoring unknown option '-g'
configure:5532: $? = 2
configure: failed program was:
| /* confdefs.h.  */
| #define PACKAGE_NAME "scrypt"
| #define PACKAGE_TARNAME "scrypt"
| #define PACKAGE_VERSION "1.1.6"
| #define PACKAGE_STRING "scrypt 1.1.6"
| #define PACKAGE_BUGREPORT ""
| #define PACKAGE "scrypt"
| #define VERSION "1.1.6"
| #define STDC_HEADERS 1
| #define HAVE_SYS_TYPES_H 1
| #define HAVE_SYS_STAT_H 1
| #define HAVE_STDLIB_H 1
| #define HAVE_STRING_H 1
| #define HAVE_MEMORY_H 1
| #define HAVE_STDINT_H 1
| #define HAVE_DECL_BE64ENC 0
| /* end confdefs.h.  */
| #include <sys/types.h>
|  /* Check that off_t can represent 2**63 - 1 correctly.
|     We can't simply define LARGE_OFF_T to be 9223372036854775807,
|     since some C++ compilers masquerading as C compilers
|     incorrectly reject 9223372036854775807.  */
| #define LARGE_OFF_T (((off_t) 1 << 62) - 1 + ((off_t) 1 << 62))
|   int off_t_is_large[(LARGE_OFF_T % 2147483629 == 721
| 		       && LARGE_OFF_T % 2147483647 == 1)
| 		      ? 1 : -1];
| int
| main ()
| {
| 
|   ;
|   return 0;
| }
configure:5552: result: no
configure:5558: checking for _FILE_OFFSET_BITS value needed for large files
configure:5593: cl.exe -c -g  conftest.c >&5
conftest.c
conftest.c(24) : warning C4293: '<<' : shift count negative or too big, undefined behavior
conftest.c(24) : warning C4293: '<<' : shift count negative or too big, undefined behavior
conftest.c(25) : warning C4293: '<<' : shift count negative or too big, undefined behavior
conftest.c(25) : warning C4293: '<<' : shift count negative or too big, undefined behavior
conftest.c(26) : error C2118: negative subscript
Microsoft (R) 32-bit C/C++ Optimizing Compiler Version 16.00.40219.01 for 80x86
Copyright (C) Microsoft Corporation.  All rights reserved.

cl : Command line warning D9002 : ignoring unknown option '-g'
configure:5600: $? = 2
configure: failed program was:
| /* confdefs.h.  */
| #define PACKAGE_NAME "scrypt"
| #define PACKAGE_TARNAME "scrypt"
| #define PACKAGE_VERSION "1.1.6"
| #define PACKAGE_STRING "scrypt 1.1.6"
| #define PACKAGE_BUGREPORT ""
| #define PACKAGE "scrypt"
| #define VERSION "1.1.6"
| #define STDC_HEADERS 1
| #define HAVE_SYS_TYPES_H 1
| #define HAVE_SYS_STAT_H 1
| #define HAVE_STDLIB_H 1
| #define HAVE_STRING_H 1
| #define HAVE_MEMORY_H 1
| #define HAVE_STDINT_H 1
| #define HAVE_DECL_BE64ENC 0
| /* end confdefs.h.  */
| #include <sys/types.h>
|  /* Check that off_t can represent 2**63 - 1 correctly.
|     We can't simply define LARGE_OFF_T to be 9223372036854775807,
|     since some C++ compilers masquerading as C compilers
|     incorrectly reject 9223372036854775807.  */
| #define LARGE_OFF_T (((off_t) 1 << 62) - 1 + ((off_t) 1 << 62))
|   int off_t_is_large[(LARGE_OFF_T % 2147483629 == 721
| 		       && LARGE_OFF_T % 2147483647 == 1)
| 		      ? 1 : -1];
| int
| main ()
| {
| 
|   ;
|   return 0;
| }
configure:5644: cl.exe -c -g  conftest.c >&5
conftest.c
conftest.c(25) : warning C4293: '<<' : shift count negative or too big, undefined behavior
conftest.c(25) : warning C4293: '<<' : shift count negative or too big, undefined behavior
conftest.c(26) : warning C4293: '<<' : shift count negative or too big, undefined behavior
conftest.c(26) : warning C4293: '<<' : shift count negative or too big, undefined behavior
conftest.c(27) : error C2118: negative subscript
Microsoft (R) 32-bit C/C++ Optimizing Compiler Version 16.00.40219.01 for 80x86
Copyright (C) Microsoft Corporation.  All rights reserved.

cl : Command line warning D9002 : ignoring unknown option '-g'
configure:5651: $? = 2
configure: failed program was:
| /* confdefs.h.  */
| #define PACKAGE_NAME "scrypt"
| #define PACKAGE_TARNAME "scrypt"
| #define PACKAGE_VERSION "1.1.6"
| #define PACKAGE_STRING "scrypt 1.1.6"
| #define PACKAGE_BUGREPORT ""
| #define PACKAGE "scrypt"
| #define VERSION "1.1.6"
| #define STDC_HEADERS 1
| #define HAVE_SYS_TYPES_H 1
| #define HAVE_SYS_STAT_H 1
| #define HAVE_STDLIB_H 1
| #define HAVE_STRING_H 1
| #define HAVE_MEMORY_H 1
| #define HAVE_STDINT_H 1
| #define HAVE_DECL_BE64ENC 0
| /* end confdefs.h.  */
| #define _FILE_OFFSET_BITS 64
| #include <sys/types.h>
|  /* Check that off_t can represent 2**63 - 1 correctly.
|     We can't simply define LARGE_OFF_T to be 9223372036854775807,
|     since some C++ compilers masquerading as C compilers
|     incorrectly reject 9223372036854775807.  */
| #define LARGE_OFF_T (((off_t) 1 << 62) - 1 + ((off_t) 1 << 62))
|   int off_t_is_large[(LARGE_OFF_T % 2147483629 == 721
| 		       && LARGE_OFF_T % 2147483647 == 1)
| 		      ? 1 : -1];
| int
| main ()
| {
| 
|   ;
|   return 0;
| }
configure:5669: result: unknown
configure:5681: checking for _LARGE_FILES value needed for large files
configure:5716: cl.exe -c -g  conftest.c >&5
conftest.c
conftest.c(24) : warning C4293: '<<' : shift count negative or too big, undefined behavior
conftest.c(24) : warning C4293: '<<' : shift count negative or too big, undefined behavior
conftest.c(25) : warning C4293: '<<' : shift count negative or too big, undefined behavior
conftest.c(25) : warning C4293: '<<' : shift count negative or too big, undefined behavior
conftest.c(26) : error C2118: negative subscript
Microsoft (R) 32-bit C/C++ Optimizing Compiler Version 16.00.40219.01 for 80x86
Copyright (C) Microsoft Corporation.  All rights reserved.

cl : Command line warning D9002 : ignoring unknown option '-g'
configure:5723: $? = 2
configure: failed program was:
| /* confdefs.h.  */
| #define PACKAGE_NAME "scrypt"
| #define PACKAGE_TARNAME "scrypt"
| #define PACKAGE_VERSION "1.1.6"
| #define PACKAGE_STRING "scrypt 1.1.6"
| #define PACKAGE_BUGREPORT ""
| #define PACKAGE "scrypt"
| #define VERSION "1.1.6"
| #define STDC_HEADERS 1
| #define HAVE_SYS_TYPES_H 1
| #define HAVE_SYS_STAT_H 1
| #define HAVE_STDLIB_H 1
| #define HAVE_STRING_H 1
| #define HAVE_MEMORY_H 1
| #define HAVE_STDINT_H 1
| #define HAVE_DECL_BE64ENC 0
| /* end confdefs.h.  */
| #include <sys/types.h>
|  /* Check that off_t can represent 2**63 - 1 correctly.
|     We can't simply define LARGE_OFF_T to be 9223372036854775807,
|     since some C++ compilers masquerading as C compilers
|     incorrectly reject 9223372036854775807.  */
| #define LARGE_OFF_T (((off_t) 1 << 62) - 1 + ((off_t) 1 << 62))
|   int off_t_is_large[(LARGE_OFF_T % 2147483629 == 721
| 		       && LARGE_OFF_T % 2147483647 == 1)
| 		      ? 1 : -1];
| int
| main ()
| {
| 
|   ;
|   return 0;
| }
configure:5767: cl.exe -c -g  conftest.c >&5
conftest.c
conftest.c(25) : warning C4293: '<<' : shift count negative or too big, undefined behavior
conftest.c(25) : warning C4293: '<<' : shift count negative or too big, undefined behavior
conftest.c(26) : warning C4293: '<<' : shift count negative or too big, undefined behavior
conftest.c(26) : warning C4293: '<<' : shift count negative or too big, undefined behavior
conftest.c(27) : error C2118: negative subscript
Microsoft (R) 32-bit C/C++ Optimizing Compiler Version 16.00.40219.01 for 80x86
Copyright (C) Microsoft Corporation.  All rights reserved.

cl : Command line warning D9002 : ignoring unknown option '-g'
configure:5774: $? = 2
configure: failed program was:
| /* confdefs.h.  */
| #define PACKAGE_NAME "scrypt"
| #define PACKAGE_TARNAME "scrypt"
| #define PACKAGE_VERSION "1.1.6"
| #define PACKAGE_STRING "scrypt 1.1.6"
| #define PACKAGE_BUGREPORT ""
| #define PACKAGE "scrypt"
| #define VERSION "1.1.6"
| #define STDC_HEADERS 1
| #define HAVE_SYS_TYPES_H 1
| #define HAVE_SYS_STAT_H 1
| #define HAVE_STDLIB_H 1
| #define HAVE_STRING_H 1
| #define HAVE_MEMORY_H 1
| #define HAVE_STDINT_H 1
| #define HAVE_DECL_BE64ENC 0
| /* end confdefs.h.  */
| #define _LARGE_FILES 1
| #include <sys/types.h>
|  /* Check that off_t can represent 2**63 - 1 correctly.
|     We can't simply define LARGE_OFF_T to be 9223372036854775807,
|     since some C++ compilers masquerading as C compilers
|     incorrectly reject 9223372036854775807.  */
| #define LARGE_OFF_T (((off_t) 1 << 62) - 1 + ((off_t) 1 << 62))
|   int off_t_is_large[(LARGE_OFF_T % 2147483629 == 721
| 		       && LARGE_OFF_T % 2147483647 == 1)
| 		      ? 1 : -1];
| int
| main ()
| {
| 
|   ;
|   return 0;
| }
configure:5792: result: unknown
configure:5934: creating ./config.status

## ---------------------- ##
## Running config.status. ##
## ---------------------- ##

This file was extended by scrypt config.status 1.1.6, which was
generated by GNU Autoconf 2.62.  Invocation command line was

  CONFIG_FILES    = 
  CONFIG_HEADERS  = 
  CONFIG_LINKS    = 
  CONFIG_COMMANDS = 
  $ ./config.status 

on Polygon

config.status:771: creating Makefile
config.status:771: creating config.h
config.status:1045: executing depfiles commands

## ---------------- ##
## Cache variables. ##
## ---------------- ##

ac_cv_c_compiler_gnu=no
ac_cv_env_build_alias_set=
ac_cv_env_build_alias_value=
ac_cv_env_CC_set=
ac_cv_env_CC_value=
ac_cv_env_CFLAGS_set=
ac_cv_env_CFLAGS_value=
ac_cv_env_CPP_set=
ac_cv_env_CPP_value=
ac_cv_env_CPPFLAGS_set=
ac_cv_env_CPPFLAGS_value=
ac_cv_env_host_alias_set=
ac_cv_env_host_alias_value=
ac_cv_env_LDFLAGS_set=
ac_cv_env_LDFLAGS_value=
ac_cv_env_LIBS_set=
ac_cv_env_LIBS_value=
ac_cv_env_target_alias_set=
ac_cv_env_target_alias_value=
ac_cv_exeext=.exe
ac_cv_func_clock_gettime=no
ac_cv_func_posix_memalign=no
ac_cv_func_sysinfo=no
ac_cv_have_decl_be64enc=no
ac_cv_header_err_h=no
ac_cv_header_inttypes_h=no
ac_cv_header_memory_h=yes
ac_cv_header_stdc=yes
ac_cv_header_stdint_h=yes
ac_cv_header_stdlib_h=yes
ac_cv_header_string_h=yes
ac_cv_header_strings_h=no
ac_cv_header_sys_endian_h=no
ac_cv_header_sys_param_h=no
ac_cv_header_sys_stat_h=yes
ac_cv_header_sys_sysinfo_h=no
ac_cv_header_sys_types_h=yes
ac_cv_header_unistd_h=no
ac_cv_lib_rt_clock_gettime=no
ac_cv_member_struct_sysinfo_mem_unit=no
ac_cv_member_struct_sysinfo_totalram=no
ac_cv_objext=obj
ac_cv_path_EGREP='/usr/bin/grep -E'
ac_cv_path_GREP=/usr/bin/grep
ac_cv_path_install='/usr/bin/install -c'
ac_cv_path_mkdir=/usr/bin/mkdir
ac_cv_prog_ac_ct_CC=cl.exe
ac_cv_prog_AWK=gawk
ac_cv_prog_cc_c89=
ac_cv_prog_cc_g=yes
ac_cv_prog_CPP='cl.exe -E'
ac_cv_prog_make_make_set=no
ac_cv_sys_file_offset_bits=unknown
ac_cv_sys_large_files=unknown
ac_cv_sys_largefile_CC=no
ac_cv_type_struct_sysinfo=no
am_cv_CC_dependencies_compiler_type=none

## ----------------- ##
## Output variables. ##
## ----------------- ##

ac_ct_CC='cl.exe'
ACLOCAL='${SHELL} /cygdrive/c/Dev/BPrivy/Thirdparty/scrypt-1.1.6/config.aux/missing --run aclocal-1.10'
am__fastdepCC_FALSE=''
am__fastdepCC_TRUE='#'
am__include='#'
am__isrc=''
am__leading_dot='.'
am__quote=''
am__tar='${AMTAR} chof - "$$tardir"'
am__untar='${AMTAR} xf -'
AMDEP_FALSE='#'
AMDEP_TRUE=''
AMDEPBACKSLASH='\'
AMTAR='${SHELL} /cygdrive/c/Dev/BPrivy/Thirdparty/scrypt-1.1.6/config.aux/missing --run tar'
AUTOCONF='${SHELL} /cygdrive/c/Dev/BPrivy/Thirdparty/scrypt-1.1.6/config.aux/missing --run autoconf'
AUTOHEADER='${SHELL} /cygdrive/c/Dev/BPrivy/Thirdparty/scrypt-1.1.6/config.aux/missing --run autoheader'
AUTOMAKE='${SHELL} /cygdrive/c/Dev/BPrivy/Thirdparty/scrypt-1.1.6/config.aux/missing --run automake-1.10'
AWK='gawk'
bindir='${exec_prefix}/bin'
build_alias=''
CC='cl.exe'
CCDEPMODE='depmode=none'
CFLAGS='-g'
CPP='cl.exe -E'
CPPFLAGS=''
CYGPATH_W='cygpath -w'
datadir='${datarootdir}'
datarootdir='${prefix}/share'
DEFS='-DHAVE_CONFIG_H'
DEPDIR='.deps'
docdir='${datarootdir}/doc/${PACKAGE_TARNAME}'
dvidir='${docdir}'
ECHO_C=''
ECHO_N='-n'
ECHO_T=''
EGREP='/usr/bin/grep -E'
exec_prefix='${prefix}'
EXEEXT='.exe'
GREP='/usr/bin/grep'
HAVE_SYSCTL_HW_USERMEM=''
host_alias=''
htmldir='${docdir}'
includedir='${prefix}/include'
infodir='${datarootdir}/info'
INSTALL_DATA='${INSTALL} -m 644'
INSTALL_PROGRAM='${INSTALL}'
INSTALL_SCRIPT='${INSTALL}'
install_sh='$(SHELL) /cygdrive/c/Dev/BPrivy/Thirdparty/scrypt-1.1.6/config.aux/install-sh'
INSTALL_STRIP_PROGRAM='$(install_sh) -c -s'
LDFLAGS=''
libdir='${exec_prefix}/lib'
libexecdir='${exec_prefix}/libexec'
LIBOBJS=''
LIBS=''
localedir='${datarootdir}/locale'
localstatedir='${prefix}/var'
LTLIBOBJS=''
MAINT='#'
MAINTAINER_MODE_FALSE=''
MAINTAINER_MODE_TRUE='#'
MAKEINFO='${SHELL} /cygdrive/c/Dev/BPrivy/Thirdparty/scrypt-1.1.6/config.aux/missing --run makeinfo'
mandir='${datarootdir}/man'
mkdir_p='/usr/bin/mkdir -p'
MKDIR_P='/usr/bin/mkdir -p'
OBJEXT='obj'
oldincludedir='/usr/include'
PACKAGE_BUGREPORT=''
PACKAGE_NAME='scrypt'
PACKAGE_STRING='scrypt 1.1.6'
PACKAGE_TARNAME='scrypt'
PACKAGE_VERSION='1.1.6'
PACKAGE='scrypt'
PATH_SEPARATOR=':'
pdfdir='${docdir}'
prefix='/usr/local'
program_transform_name='s,x,x,'
psdir='${docdir}'
sbindir='${exec_prefix}/sbin'
SCRYPTVER='nosse'
SET_MAKE='MAKE=make'
sharedstatedir='${prefix}/com'
SHELL='/bin/sh'
STRIP=''
sysconfdir='${prefix}/etc'
target_alias=''
VERSION='1.1.6'

## ----------- ##
## confdefs.h. ##
## ----------- ##

#define PACKAGE_NAME "scrypt"
#define PACKAGE_TARNAME "scrypt"
#define PACKAGE_VERSION "1.1.6"
#define PACKAGE_STRING "scrypt 1.1.6"
#define PACKAGE_BUGREPORT ""
#define PACKAGE "scrypt"
#define VERSION "1.1.6"
#define STDC_HEADERS 1
#define HAVE_SYS_TYPES_H 1
#define HAVE_SYS_STAT_H 1
#define HAVE_STDLIB_H 1
#define HAVE_STRING_H 1
#define HAVE_MEMORY_H 1
#define HAVE_STDINT_H 1
#define HAVE_DECL_BE64ENC 0

configure: exit 0
